[11-May-2018 12:03:17 UTC] PHP Parse error:  syntax error, unexpected ',', expecting ']' in /app/public/wp-content/plugins/blade/storage/views/868471c4c297967f5715745d9d7fc971 on line 10
[11-May-2018 12:03:31 UTC] PHP Parse error:  syntax error, unexpected ',', expecting ']' in /app/public/wp-content/plugins/blade/storage/views/868471c4c297967f5715745d9d7fc971 on line 9
[11-May-2018 12:03:33 UTC] PHP Parse error:  syntax error, unexpected ',', expecting ']' in /app/public/wp-content/plugins/blade/storage/views/868471c4c297967f5715745d9d7fc971 on line 9
[20-Feb-2019 19:37:05 UTC] PHP Notice:  Only variables should be passed by reference in /app/public/wp-content/themes/cbdo/functions/blankslate.php on line 62
[20-Feb-2019 19:37:05 UTC] PHP Notice:  Only variables should be assigned by reference in /app/public/wp-content/themes/cbdo/functions/blankslate.php on line 62
[20-Feb-2019 19:39:45 UTC] PHP Notice:  Only variables should be passed by reference in /app/public/wp-content/themes/cbdo/functions/blankslate.php on line 62
[20-Feb-2019 19:39:45 UTC] PHP Notice:  Only variables should be assigned by reference in /app/public/wp-content/themes/cbdo/functions/blankslate.php on line 62
[20-Feb-2019 19:39:45 UTC] PHP Notice:  Only variables should be assigned by reference in /app/public/wp-content/themes/cbdo/comments.php on line 6
[20-Feb-2019 19:39:45 UTC] PHP Notice:  Only variables should be passed by reference in /app/public/wp-content/themes/cbdo/functions/blankslate.php on line 62
[20-Feb-2019 19:39:45 UTC] PHP Notice:  Only variables should be assigned by reference in /app/public/wp-content/themes/cbdo/functions/blankslate.php on line 62
[20-Feb-2019 20:09:45 UTC] PHP Notice:  Undefined variable: count in /app/public/wp-content/plugins/blade/storage/views/f992345ee05575a671818eb0268627ca on line 21
[20-Feb-2019 20:13:32 UTC] PHP Notice:  Undefined variable: count in /app/public/wp-content/plugins/blade/storage/views/f992345ee05575a671818eb0268627ca on line 21
[20-Feb-2019 20:14:23 UTC] PHP Notice:  Undefined variable: count in /app/public/wp-content/plugins/blade/storage/views/f992345ee05575a671818eb0268627ca on line 21
[20-Feb-2019 20:19:28 UTC] PHP Notice:  Undefined variable: count in /app/public/wp-content/plugins/blade/storage/views/f992345ee05575a671818eb0268627ca on line 21
[20-Feb-2019 20:21:20 UTC] PHP Notice:  Undefined variable: count in /app/public/wp-content/plugins/blade/storage/views/f992345ee05575a671818eb0268627ca on line 21
[20-Feb-2019 20:23:05 UTC] PHP Notice:  Undefined variable: count in /app/public/wp-content/plugins/blade/storage/views/f992345ee05575a671818eb0268627ca on line 21
[20-Feb-2019 20:26:25 UTC] PHP Notice:  Undefined variable: count in /app/public/wp-content/plugins/blade/storage/views/f992345ee05575a671818eb0268627ca on line 21
[20-Feb-2019 20:33:24 UTC] PHP Notice:  Undefined variable: count in /app/public/wp-content/plugins/blade/storage/views/f992345ee05575a671818eb0268627ca on line 21
[20-Feb-2019 20:33:45 UTC] PHP Notice:  Undefined variable: count in /app/public/wp-content/plugins/blade/storage/views/f992345ee05575a671818eb0268627ca on line 21
[20-Feb-2019 20:34:07 UTC] PHP Notice:  Only variables should be assigned by reference in /app/public/wp-content/themes/cbdo/comments.php on line 6
[20-Feb-2019 20:34:07 UTC] PHP Notice:  Only variables should be passed by reference in /app/public/wp-content/themes/cbdo/functions/blankslate.php on line 62
[20-Feb-2019 20:34:07 UTC] PHP Notice:  Only variables should be assigned by reference in /app/public/wp-content/themes/cbdo/functions/blankslate.php on line 62
[20-Feb-2019 20:36:44 UTC] PHP Notice:  Undefined variable: count in /app/public/wp-content/plugins/blade/storage/views/f992345ee05575a671818eb0268627ca on line 21
[20-Feb-2019 20:39:50 UTC] PHP Notice:  Undefined variable: count in /app/public/wp-content/plugins/blade/storage/views/f992345ee05575a671818eb0268627ca on line 21
[20-Feb-2019 20:40:51 UTC] PHP Notice:  Undefined variable: count in /app/public/wp-content/plugins/blade/storage/views/f992345ee05575a671818eb0268627ca on line 21
[20-Feb-2019 20:42:35 UTC] PHP Notice:  Undefined variable: count in /app/public/wp-content/plugins/blade/storage/views/f992345ee05575a671818eb0268627ca on line 21
[20-Feb-2019 20:47:57 UTC] PHP Notice:  Undefined variable: count in /app/public/wp-content/plugins/blade/storage/views/f992345ee05575a671818eb0268627ca on line 21
[20-Feb-2019 20:48:02 UTC] PHP Notice:  Undefined variable: count in /app/public/wp-content/plugins/blade/storage/views/f992345ee05575a671818eb0268627ca on line 21
[20-Feb-2019 20:50:22 UTC] PHP Notice:  Undefined variable: count in /app/public/wp-content/plugins/blade/storage/views/f992345ee05575a671818eb0268627ca on line 21
[20-Feb-2019 20:50:53 UTC] PHP Notice:  Undefined variable: count in /app/public/wp-content/plugins/blade/storage/views/f992345ee05575a671818eb0268627ca on line 21
[20-Feb-2019 20:51:37 UTC] PHP Notice:  Undefined variable: count in /app/public/wp-content/plugins/blade/storage/views/f992345ee05575a671818eb0268627ca on line 21
[20-Feb-2019 20:53:26 UTC] PHP Notice:  Undefined variable: count in /app/public/wp-content/plugins/blade/storage/views/f992345ee05575a671818eb0268627ca on line 21
[20-Feb-2019 20:54:55 UTC] PHP Notice:  Undefined variable: count in /app/public/wp-content/plugins/blade/storage/views/f992345ee05575a671818eb0268627ca on line 21
[20-Feb-2019 20:56:13 UTC] PHP Notice:  Undefined variable: count in /app/public/wp-content/plugins/blade/storage/views/f992345ee05575a671818eb0268627ca on line 21
[20-Feb-2019 20:56:51 UTC] PHP Notice:  Only variables should be assigned by reference in /app/public/wp-content/themes/cbdo/comments.php on line 6
[20-Feb-2019 20:56:51 UTC] PHP Notice:  Only variables should be passed by reference in /app/public/wp-content/themes/cbdo/functions/blankslate.php on line 62
[20-Feb-2019 20:56:51 UTC] PHP Notice:  Only variables should be assigned by reference in /app/public/wp-content/themes/cbdo/functions/blankslate.php on line 62
[20-Feb-2019 20:59:39 UTC] PHP Notice:  Undefined variable: count in /app/public/wp-content/plugins/blade/storage/views/f992345ee05575a671818eb0268627ca on line 21
[20-Feb-2019 21:00:38 UTC] PHP Notice:  Undefined variable: count in /app/public/wp-content/plugins/blade/storage/views/f992345ee05575a671818eb0268627ca on line 21
[20-Feb-2019 21:00:51 UTC] PHP Notice:  Only variables should be assigned by reference in /app/public/wp-content/themes/cbdo/comments.php on line 6
[20-Feb-2019 21:00:51 UTC] PHP Notice:  Only variables should be passed by reference in /app/public/wp-content/themes/cbdo/functions/blankslate.php on line 62
[20-Feb-2019 21:00:51 UTC] PHP Notice:  Only variables should be assigned by reference in /app/public/wp-content/themes/cbdo/functions/blankslate.php on line 62
[20-Feb-2019 21:01:10 UTC] PHP Notice:  Undefined variable: count in /app/public/wp-content/plugins/blade/storage/views/f992345ee05575a671818eb0268627ca on line 21
[20-Feb-2019 21:01:56 UTC] PHP Notice:  Undefined variable: count in /app/public/wp-content/plugins/blade/storage/views/f992345ee05575a671818eb0268627ca on line 21
[20-Feb-2019 21:02:59 UTC] PHP Notice:  Undefined variable: count in /app/public/wp-content/plugins/blade/storage/views/f992345ee05575a671818eb0268627ca on line 21
[20-Feb-2019 21:04:11 UTC] PHP Notice:  Undefined variable: count in /app/public/wp-content/plugins/blade/storage/views/f992345ee05575a671818eb0268627ca on line 21
[20-Feb-2019 21:05:00 UTC] PHP Notice:  Undefined variable: count in /app/public/wp-content/plugins/blade/storage/views/f992345ee05575a671818eb0268627ca on line 21
[20-Feb-2019 21:07:38 UTC] PHP Notice:  Undefined variable: count in /app/public/wp-content/plugins/blade/storage/views/f992345ee05575a671818eb0268627ca on line 21
[20-Feb-2019 21:08:52 UTC] PHP Notice:  Undefined variable: count in /app/public/wp-content/plugins/blade/storage/views/f992345ee05575a671818eb0268627ca on line 21
[20-Feb-2019 21:10:13 UTC] PHP Notice:  Undefined variable: count in /app/public/wp-content/plugins/blade/storage/views/f992345ee05575a671818eb0268627ca on line 21
[20-Feb-2019 21:10:18 UTC] PHP Notice:  Undefined variable: count in /app/public/wp-content/plugins/blade/storage/views/f992345ee05575a671818eb0268627ca on line 21
[20-Feb-2019 21:11:56 UTC] PHP Notice:  Undefined variable: count in /app/public/wp-content/plugins/blade/storage/views/f992345ee05575a671818eb0268627ca on line 21
[20-Feb-2019 21:18:29 UTC] PHP Notice:  Undefined variable: count in /app/public/wp-content/plugins/blade/storage/views/f992345ee05575a671818eb0268627ca on line 20
[20-Feb-2019 21:20:18 UTC] PHP Notice:  Undefined variable: count in /app/public/wp-content/plugins/blade/storage/views/f992345ee05575a671818eb0268627ca on line 20
[20-Feb-2019 21:25:31 UTC] PHP Notice:  Undefined variable: count in /app/public/wp-content/plugins/blade/storage/views/f992345ee05575a671818eb0268627ca on line 20
[20-Feb-2019 21:26:46 UTC] PHP Notice:  Undefined variable: count in /app/public/wp-content/plugins/blade/storage/views/f992345ee05575a671818eb0268627ca on line 20
[20-Feb-2019 21:26:58 UTC] PHP Notice:  Undefined variable: count in /app/public/wp-content/plugins/blade/storage/views/f992345ee05575a671818eb0268627ca on line 20
[20-Feb-2019 21:27:19 UTC] PHP Notice:  Undefined variable: count in /app/public/wp-content/plugins/blade/storage/views/f992345ee05575a671818eb0268627ca on line 20
[20-Feb-2019 21:28:17 UTC] PHP Notice:  Undefined variable: count in /app/public/wp-content/plugins/blade/storage/views/f992345ee05575a671818eb0268627ca on line 20
[20-Feb-2019 21:28:51 UTC] PHP Notice:  Undefined variable: count in /app/public/wp-content/plugins/blade/storage/views/f992345ee05575a671818eb0268627ca on line 20
[20-Feb-2019 21:29:54 UTC] PHP Notice:  Undefined variable: count in /app/public/wp-content/plugins/blade/storage/views/f992345ee05575a671818eb0268627ca on line 20
[20-Feb-2019 21:30:14 UTC] PHP Notice:  Undefined variable: count in /app/public/wp-content/plugins/blade/storage/views/f992345ee05575a671818eb0268627ca on line 20
[20-Feb-2019 21:57:54 UTC] PHP Notice:  Only variables should be assigned by reference in /app/public/wp-content/themes/cbdo/comments.php on line 6
[20-Feb-2019 21:57:54 UTC] PHP Notice:  Only variables should be passed by reference in /app/public/wp-content/themes/cbdo/functions/blankslate.php on line 62
[20-Feb-2019 21:57:54 UTC] PHP Notice:  Only variables should be assigned by reference in /app/public/wp-content/themes/cbdo/functions/blankslate.php on line 62
